<?xml version="1.0" encoding="UTF-8"?>
<testng-results ignored="0" total="1" passed="1" failed="0" skipped="0">
  <reporter-output>
  </reporter-output>
  <suite started-at="2025-04-11T15:20:10 IST" name="Suite" finished-at="2025-04-11T15:20:15 IST" duration-ms="4529">
    <groups>
    </groups>
    <test started-at="2025-04-11T15:20:10 IST" name="Test" finished-at="2025-04-11T15:20:15 IST" duration-ms="4529">
      <class name="CICD123.appTest">
        <test-method is-config="true" signature="setupReport()[pri:0, instance:CICD123.appTest@55b0dcab]" started-at="2025-04-11T15:20:10 IST" name="setupReport" finished-at="2025-04-11T15:20:10 IST" duration-ms="208" status="PASS">
          <reporter-output>
          </reporter-output>
        </test-method> <!-- setupReport -->
        <test-method is-config="true" signature="setupBrowser(java.lang.String,java.lang.reflect.Method,org.testng.ITestContext)[pri:0, instance:CICD123.appTest@55b0dcab]" started-at="2025-04-11T15:20:10 IST" name="setupBrowser" finished-at="2025-04-11T15:20:11 IST" duration-ms="1404" status="PASS">
          <params>
            <param index="0">
              <value>
                <![CDATA[chrome]]>
              </value>
            </param>
            <param index="1">
              <value>
                <![CDATA[public void CICD123.appTest.testSomething()]]>
              </value>
            </param>
            <param index="2">
              <value>
                <![CDATA[org.testng.TestRunner@2dd2e270]]>
              </value>
            </param>
          </params>
          <reporter-output>
          </reporter-output>
        </test-method> <!-- setupBrowser -->
        <test-method signature="testSomething()[pri:0, instance:CICD123.appTest@55b0dcab]" started-at="2025-04-11T15:20:11 IST" name="testSomething" finished-at="2025-04-11T15:20:14 IST" duration-ms="2813" status="PASS">
          <reporter-output>
          </reporter-output>
        </test-method> <!-- testSomething -->
        <test-method is-config="true" signature="tearDown(org.testng.ITestResult)[pri:0, instance:CICD123.appTest@55b0dcab]" started-at="2025-04-11T15:20:14 IST" name="tearDown" finished-at="2025-04-11T15:20:15 IST" duration-ms="282" status="PASS">
          <params>
            <param index="0">
              <value>
                <![CDATA[[TestResult name=testSomething status=SUCCESS method=appTest.testSomething()[pri:0, instance:CICD123.appTest@55b0dcab] output={null}]]]>
              </value>
            </param>
          </params>
          <reporter-output>
          </reporter-output>
        </test-method> <!-- tearDown -->
        <test-method is-config="true" signature="flushReport()[pri:0, instance:CICD123.appTest@55b0dcab]" started-at="2025-04-11T15:20:15 IST" name="flushReport" finished-at="2025-04-11T15:20:15 IST" duration-ms="273" status="PASS">
          <reporter-output>
          </reporter-output>
        </test-method> <!-- flushReport -->
      </class> <!-- CICD123.appTest -->
    </test> <!-- Test -->
  </suite> <!-- Suite -->
</testng-results>
