<?xml version="1.0" encoding="UTF-8"?>
<testng-results ignored="0" total="1" passed="1" failed="0" skipped="0">
  <reporter-output>
  </reporter-output>
  <suite started-at="2025-04-11T11:00:59 IST" name="Suite" finished-at="2025-04-11T11:01:06 IST" duration-ms="6994">
    <groups>
    </groups>
    <test started-at="2025-04-11T11:00:59 IST" name="Test" finished-at="2025-04-11T11:01:06 IST" duration-ms="6994">
      <class name="CICD123.TEST">
        <test-method is-config="true" signature="setupReport(org.testng.ITestContext)[pri:0, instance:CICD123.TEST@45c7e403]" started-at="2025-04-11T11:00:59 IST" name="setupReport" finished-at="2025-04-11T11:01:00 IST" duration-ms="307" status="PASS">
          <params>
            <param index="0">
              <value>
                <![CDATA[org.testng.TestRunner@5a2fa51f]]>
              </value>
            </param>
          </params>
          <reporter-output>
          </reporter-output>
        </test-method> <!-- setupReport -->
        <test-method is-config="true" signature="setupBrowser(java.lang.String,org.testng.ITestContext,java.lang.reflect.Method)[pri:0, instance:CICD123.TEST@45c7e403]" started-at="2025-04-11T11:01:00 IST" name="setupBrowser" finished-at="2025-04-11T11:01:03 IST" duration-ms="3487" status="PASS">
          <params>
            <param index="0">
              <value>
                <![CDATA[edge]]>
              </value>
            </param>
            <param index="1">
              <value>
                <![CDATA[org.testng.TestRunner@5a2fa51f]]>
              </value>
            </param>
            <param index="2">
              <value>
                <![CDATA[public void CICD123.TEST.print()]]>
              </value>
            </param>
          </params>
          <reporter-output>
          </reporter-output>
        </test-method> <!-- setupBrowser -->
        <test-method signature="print()[pri:0, instance:CICD123.TEST@45c7e403]" started-at="2025-04-11T11:01:03 IST" name="print" finished-at="2025-04-11T11:01:06 IST" duration-ms="3007" status="PASS">
          <reporter-output>
          </reporter-output>
        </test-method> <!-- print -->
        <test-method is-config="true" signature="tearDown(org.testng.ITestResult,java.lang.reflect.Method)[pri:0, instance:CICD123.TEST@45c7e403]" started-at="2025-04-11T11:01:06 IST" name="tearDown" finished-at="2025-04-11T11:01:06 IST" duration-ms="139" status="PASS">
          <params>
            <param index="0">
              <value>
                <![CDATA[[TestResult name=print status=SUCCESS method=TEST.print()[pri:0, instance:CICD123.TEST@45c7e403] output={null}]]]>
              </value>
            </param>
            <param index="1">
              <value>
                <![CDATA[public void CICD123.TEST.print()]]>
              </value>
            </param>
          </params>
          <reporter-output>
          </reporter-output>
        </test-method> <!-- tearDown -->
        <test-method is-config="true" signature="closeBrowser()[pri:0, instance:CICD123.TEST@45c7e403]" started-at="2025-04-11T11:01:06 IST" name="closeBrowser" finished-at="2025-04-11T11:01:06 IST" duration-ms="1" status="PASS">
          <reporter-output>
          </reporter-output>
        </test-method> <!-- closeBrowser -->
        <test-method is-config="true" signature="generateExtentReports()[pri:0, instance:CICD123.TEST@45c7e403]" started-at="2025-04-11T11:01:06 IST" name="generateExtentReports" finished-at="2025-04-11T11:01:07 IST" duration-ms="441" status="PASS">
          <reporter-output>
          </reporter-output>
        </test-method> <!-- generateExtentReports -->
      </class> <!-- CICD123.TEST -->
    </test> <!-- Test -->
  </suite> <!-- Suite -->
</testng-results>
